2021/10/04 16:21:28;[ Error ];admin2 does not exist
2021/10/04 16:26:15;[ Error ];Invalid password by user admin
2021/10/04 16:26:20;[ Error ];admin2 does not exist
2021/10/04 16:26:27;[ Error ];Invalid password by user admin
2021/10/05 15:08:27;[ Info ];New user jkrog4528 added.
2021/10/05 19:48:32;[ Error ];admin2 does not exist
2021/10/05 19:48:41;[ Error ];Invalid password by user admin
2021/10/05 19:51:52;[ Error ];Invalid password by user mkrog2870
2021/10/05 19:51:57;[ Error ];Invalid password by user mkrog2870
2021/10/05 19:52:03;[ Error ];Invalid password by user mkrog2870
2021/10/05 19:52:29;[ Error ];Invalid password by user bkrog5751
2021/10/05 22:19:49;[ Info ];New user jdoe5613 added.
2021/10/05 22:27:40;[ Error ];Invalid password by user bkrog5751
2021/10/05 22:27:47;[ Error ];Invalid password by user bkrog5751
2021/10/05 22:29:13;[ Info ];User jkrog4528 was updated
2021/10/05 22:29:31;[ Error ];User jkrog4528 is disabled
2021/10/05 22:32:50;[ Error ];User jkrog4528 is disabled
2021/10/05 22:35:30;[ Info ];New user bkrog1239 added.
2021/10/06 14:00:50;[ Info ];User admin was updated
2021/10/06 14:00:55;[ Error ];User admin is disabled
2021/10/06 14:01:00;[ Error ];User admin is disabled
2021/10/06 17:21:19;[ Error ];User admin is disabled
2021/10/06 19:11:41;[ Info ];New user mkrog7479 added.
2021/10/06 19:12:54;[ Error ];mkrog7470 does not exist
2021/10/06 19:13:10;[ Info ];User mkrog7479 was updated
2021/10/06 19:13:16;[ Info ];User mkrog7479 was updated
2021/10/06 19:13:27;[ Info ];User mkrog7479 was updated
2021/10/16 16:52:52;[ Info ];New user mkrog8530 added.
2021/10/16 16:54:16;[ Error ];Invalid password by user mkrog7479
2021/10/16 16:54:22;[ Error ];Invalid password by user mkrog7479
2021/10/16 16:54:31;[ Error ];Invalid password by user mkrog7479
2021/10/16 17:00:05;[ Error ];Invalid password by user mkrog7479
2021/10/16 17:00:09;[ Error ];Invalid password by user mkrog7479
2021/10/16 17:00:18;[ Error ];Invalid password by user mkrog7479
2021/10/16 17:00:26;[ Error ];Invalid password by user mkrog7479
2021/10/16 17:01:44;[ Error ];Invalid password by user mkrog7479
2021/10/16 17:02:05;[ Error ];Invalid password by user bkrog1239
2021/10/16 17:02:13;[ Error ];Invalid password by user bkrog1239
2021/10/16 17:03:46;[ Info ];New user ttest2504 added.
2021/10/16 17:04:06;[ Error ];test2504 does not exist
2021/10/17 11:59:35;[ Info ];User admin logged in.
2021/10/20 14:18:32;[ Info ];User admin logged in.
2021/10/20 14:19:31;[ Info ];User admin logged in.
2021/10/20 14:20:06;[ Info ];User admin logged in.
2021/10/22 08:39:24;[ Info ];User admin logged in.
2021/10/22 09:19:35;[ Info ];User admin logged in.
2021/10/24 13:54:50;[ Info ];User admin logged in.
2021/10/24 13:59:29;[ Info ];User admin logged in.
2021/10/24 13:59:55;[ Info ];User admin logged in.
2021/10/24 14:41:45;[ Warning ];admin2 does not exist
2021/10/24 14:41:50;[ Warning ];Invalid password by user admin
2021/10/24 14:41:53;[ Info ];User admin logged in.
2021/10/24 14:42:49;[ Info ];User admin logged in.
2021/10/24 14:47:27;[ Info ];User admin logged in.
2021/10/24 14:47:58;[ Info ];User admin logged in.
2021/10/24 16:35:30;[ Info ];User admin logged in.
2021/10/24 16:37:37;[ Info ];New user jjuarez4895 added.
2021/10/24 16:40:09;[ Info ];New user gjones7320 added.
2021/10/24 16:41:12;[ Info ];User admin logged in.
2021/10/24 16:42:30;[ Info ];New user lgallagher1339 added.
2021/10/24 16:43:23;[ Info ];New user bjones1308 added.
2021/10/24 16:44:05;[ Info ];New user pmeyer1407 added.
2021/10/24 16:45:28;[ Info ];New user rrankins1814 added.
2021/10/24 16:46:33;[ Info ];New user rivy5622 added.
2021/10/24 16:47:47;[ Info ];New user bjohnson5248 added.
2021/10/24 16:48:30;[ Info ];New user tcrouch7128 added.
2021/10/24 16:52:07;[ Info ];User admin logged in.
2021/10/24 16:52:38;[ Info ];User admin logged in.
2021/10/24 16:54:52;[ Info ];User admin logged in.
2021/10/24 16:55:09;[ Info ];User admin logged in.
2021/10/24 16:55:45;[ Info ];User admin logged in.
2021/10/24 16:56:20;[ Info ];User admin logged in.
2021/10/24 16:56:43;[ Info ];User admin logged in.
2021/10/24 16:56:54;[ Info ];User admin logged in.
2021/10/24 17:19:53;[ Info ];User admin logged in.
2021/10/24 17:32:51;[ Info ];New user jmuniz4039 added.
2021/10/27 08:39:43;[ Info ];User admin logged in.
2021-10-27 11:34:27 AM;[ Info ];User admin logged in.
2021-10-27 11:42:06 AM;[ Info ];User admin logged in.
2021/10/27 21:41:46;[ Info ];User admin logged in.
2021/10/27 21:43:17;[ Info ];User admin logged in.
2021/10/27 21:43:41;[ Info ];User admin logged in.
2021/10/27 21:44:02;[ Info ];User admin logged in.
2021/10/27 21:46:37;[ Info ];User admin logged in.
2021/10/27 21:47:13;[ Info ];User admin logged in.
2021/10/27 22:05:20;[ Info ];User admin logged in.
2021/10/27 22:11:56;[ Info ];User admin logged in.
2021/10/27 22:12:48;[ Info ];User admin logged in.
2021/10/27 22:13:33;[ Info ];User admin logged in.
2021/10/27 22:18:26;[ Info ];User admin logged in.
2021/10/27 22:20:49;[ Info ];User admin logged in.
2021/10/27 22:24:05;[ Info ];User admin logged in.
2021/10/27 22:26:41;[ Info ];User admin logged in.
2021/10/27 22:27:23;[ Info ];User admin logged in.
2021/10/27 23:06:08;[ Info ];User admin logged in.
2021/10/27 23:16:00;[ Info ];User admin logged in.
2021/10/27 23:17:34;[ Info ];User admin logged in.
2021/10/27 23:18:18;[ Info ];User admin logged in.
2021/10/27 23:19:52;[ Info ];User admin logged in.
2021/10/27 23:27:29;[ Info ];User admin logged in.
2021/10/27 23:28:08;[ Info ];User admin logged in.
2021/10/27 23:31:06;[ Info ];User admin logged in.
2021/10/27 23:31:25;[ Info ];User admin logged in.
2021/10/27 23:31:46;[ Info ];User admin logged in.
2021/10/27 23:34:01;[ Info ];User admin logged in.
2021/10/28 00:08:52;[ Info ];User admin logged in.
2021/10/28 00:25:23;[ Info ];User admin logged in.
2021/10/28 00:27:34;[ Info ];User admin logged in.
2021/10/28 00:28:12;[ Info ];User admin logged in.
2021/10/28 00:31:45;[ Info ];User admin logged in.
2021/10/28 00:32:55;[ Info ];User admin logged in.
2021/10/28 00:35:59;[ Info ];User admin created a report
2021/10/28 00:36:50;[ Info ];User admin logged in.
2021/10/28 00:37:50;[ Info ];User admin logged in.
2021/10/28 00:38:58;[ Info ];User admin logged in.
2021/10/28 00:39:44;[ Info ];User admin logged in.
2021/10/28 00:41:26;[ Info ];User admin logged in.
2021/10/28 00:42:08;[ Info ];User admin logged in.
2021/10/28 00:42:40;[ Info ];User admin logged in.
2021/10/28 00:43:28;[ Info ];User admin logged in.
2021/10/28 00:45:15;[ Info ];User admin logged in.
